Flow report for EndeavourSoc
Wed May  1 14:55:59 2024
Quartus Prime Version 21.1.0 Build 842 10/21/2021 SJ Lite Edition


---------------------
; Table of Contents ;
---------------------
  1. Legal Notice
  2. Flow Summary
  3. Flow Settings
  4. Flow Non-Default Global Settings
  5. Flow Elapsed Time
  6. Flow OS Summary
  7. Flow Log
  8. Flow Messages
  9. Flow Suppressed Messages



----------------
; Legal Notice ;
----------------
Copyright (C) 2021  Intel Corporation. All rights reserved.
Your use of Intel Corporation's design tools, logic functions 
and other software and tools, and any partner logic 
functions, and any output files from any of the foregoing 
(including device programming or simulation files), and any 
associated documentation or information are expressly subject 
to the terms and conditions of the Intel Program License 
Subscription Agreement, the Intel Quartus Prime License Agreement,
the Intel FPGA IP License Agreement, or other applicable license
agreement, including, without limitation, that your use is for
the sole purpose of programming logic devices manufactured by
Intel and sold by Intel or its authorized distributors.  Please
refer to the applicable agreement for further details, at
https://fpgasoftware.intel.com/eula.



+----------------------------------------------------------------------------------+
; Flow Summary                                                                     ;
+------------------------------------+---------------------------------------------+
; Flow Status                        ; Successful - Wed May  1 14:55:59 2024       ;
; Quartus Prime Version              ; 21.1.0 Build 842 10/21/2021 SJ Lite Edition ;
; Revision Name                      ; EndeavourSoc                                ;
; Top-level Entity Name              ; EndeavourSoc                                ;
; Family                             ; MAX 10                                      ;
; Device                             ; 10M50SAE144C8G                              ;
; Timing Models                      ; Final                                       ;
; Total logic elements               ; 7,659 / 49,760 ( 15 % )                     ;
;     Total combinational functions  ; 6,855 / 49,760 ( 14 % )                     ;
;     Dedicated logic registers      ; 4,024 / 49,760 ( 8 % )                      ;
; Total registers                    ; 4072                                        ;
; Total pins                         ; 79 / 101 ( 78 % )                           ;
; Total virtual pins                 ; 0                                           ;
; Total memory bits                  ; 242,176 / 1,677,312 ( 14 % )                ;
; Embedded Multiplier 9-bit elements ; 8 / 288 ( 3 % )                             ;
; Total PLLs                         ; 1 / 1 ( 100 % )                             ;
; UFM blocks                         ; 0 / 1 ( 0 % )                               ;
; ADC blocks                         ; 0 / 1 ( 0 % )                               ;
+------------------------------------+---------------------------------------------+


+-----------------------------------------+
; Flow Settings                           ;
+-------------------+---------------------+
; Option            ; Setting             ;
+-------------------+---------------------+
; Start date & time ; 05/01/2024 14:54:28 ;
; Main task         ; Compilation         ;
; Revision Name     ; EndeavourSoc        ;
+-------------------+---------------------+


+-----------------------------------------------------------------------------------------------------------------------------------------------------------+
; Flow Non-Default Global Settings                                                                                                                          ;
+--------------------------------------+--------------------------------------------------+---------------+-------------+-----------------------------------+
; Assignment Name                      ; Value                                            ; Default Value ; Entity Name ; Section Id                        ;
+--------------------------------------+--------------------------------------------------+---------------+-------------+-----------------------------------+
; COMPILER_SIGNATURE_ID                ; 181161466016029.171456806842895                  ; --            ; --          ; --                                ;
; EDA_DESIGN_INSTANCE_NAME             ; NA                                               ; --            ; --          ; testbench                         ;
; EDA_GENERATE_FUNCTIONAL_NETLIST      ; Off                                              ; --            ; --          ; eda_board_design_timing           ;
; EDA_GENERATE_FUNCTIONAL_NETLIST      ; Off                                              ; --            ; --          ; eda_board_design_boundary_scan    ;
; EDA_GENERATE_FUNCTIONAL_NETLIST      ; Off                                              ; --            ; --          ; eda_board_design_signal_integrity ;
; EDA_GENERATE_FUNCTIONAL_NETLIST      ; Off                                              ; --            ; --          ; eda_board_design_symbol           ;
; EDA_NATIVELINK_SIMULATION_TEST_BENCH ; testbench                                        ; --            ; --          ; eda_simulation                    ;
; EDA_OUTPUT_DATA_FORMAT               ; Verilog Hdl                                      ; --            ; --          ; eda_simulation                    ;
; EDA_SIMULATION_TOOL                  ; Questa Intel FPGA (Verilog)                      ; <None>        ; --          ; --                                ;
; EDA_TEST_BENCH_ENABLE_STATUS         ; TEST_BENCH_MODE                                  ; --            ; --          ; eda_simulation                    ;
; EDA_TEST_BENCH_FILE                  ; ../testbench/testbench.sv                        ; --            ; --          ; testbench                         ;
; EDA_TEST_BENCH_FILE                  ; ../../../sdspi/bench/verilog/mdl_sdcmd.v         ; --            ; --          ; testbench                         ;
; EDA_TEST_BENCH_FILE                  ; ../../../sdspi/bench/verilog/mdl_sdio.v          ; --            ; --          ; testbench                         ;
; EDA_TEST_BENCH_FILE                  ; ../../../sdspi/bench/verilog/mdl_sdrx.v          ; --            ; --          ; testbench                         ;
; EDA_TEST_BENCH_FILE                  ; ../../../sdspi/bench/verilog/mdl_sdtx.v          ; --            ; --          ; testbench                         ;
; EDA_TEST_BENCH_MODULE_NAME           ; testbench                                        ; --            ; --          ; testbench                         ;
; EDA_TEST_BENCH_NAME                  ; testbench                                        ; --            ; --          ; eda_simulation                    ;
; EDA_TIME_SCALE                       ; 1 ps                                             ; --            ; --          ; eda_simulation                    ;
; FLOW_ENABLE_POWER_ANALYZER           ; On                                               ; Off           ; --          ; --                                ;
; MAX_CORE_JUNCTION_TEMP               ; 85                                               ; --            ; --          ; --                                ;
; MIN_CORE_JUNCTION_TEMP               ; 0                                                ; --            ; --          ; --                                ;
; MISC_FILE                            ; PLL_bb.v                                         ; --            ; --          ; --                                ;
; MISC_FILE                            ; PLL.ppf                                          ; --            ; --          ; --                                ;
; MISC_FILE                            ; OnChipRAM_bb.v                                   ; --            ; --          ; --                                ;
; MISC_FILE                            ; DDR_IO8.cmp                                      ; --            ; --          ; --                                ;
; MISC_FILE                            ; DDR_IO8_sim/DDR_IO8.v                            ; --            ; --          ; --                                ;
; MISC_FILE                            ; DDR_IO8_sim/altera_gpio_lite/altera_gpio_lite.sv ; --            ; --          ; --                                ;
; MISC_FILE                            ; DDR_O4.cmp                                       ; --            ; --          ; --                                ;
; MISC_FILE                            ; DDR_O4_sim/DDR_O4.v                              ; --            ; --          ; --                                ;
; MISC_FILE                            ; DDR_O4_sim/altera_gpio_lite/altera_gpio_lite.sv  ; --            ; --          ; --                                ;
; NUM_PARALLEL_PROCESSORS              ; 6                                                ; --            ; --          ; --                                ;
; OUTPUT_IO_TIMING_FAR_END_VMEAS       ; Half Signal Swing                                ; --            ; --          ; --                                ;
; OUTPUT_IO_TIMING_FAR_END_VMEAS       ; Half Signal Swing                                ; --            ; --          ; --                                ;
; OUTPUT_IO_TIMING_NEAR_END_VMEAS      ; Half Vccio                                       ; --            ; --          ; --                                ;
; OUTPUT_IO_TIMING_NEAR_END_VMEAS      ; Half Vccio                                       ; --            ; --          ; --                                ;
; PARTITION_COLOR                      ; -- (Not supported for targeted family)           ; --            ; --          ; Top                               ;
; PARTITION_FITTER_PRESERVATION_LEVEL  ; -- (Not supported for targeted family)           ; --            ; --          ; Top                               ;
; PARTITION_NETLIST_TYPE               ; -- (Not supported for targeted family)           ; --            ; --          ; Top                               ;
; POWER_BOARD_THERMAL_MODEL            ; None (CONSERVATIVE)                              ; --            ; --          ; --                                ;
; POWER_DEFAULT_INPUT_IO_TOGGLE_RATE   ; 12.5 %                                           ; 12.5%         ; --          ; --                                ;
; POWER_PRESET_COOLING_SOLUTION        ; 23 MM HEAT SINK WITH 200 LFPM AIRFLOW            ; --            ; --          ; --                                ;
; PROJECT_OUTPUT_DIRECTORY             ; output_files                                     ; --            ; --          ; --                                ;
; SPD_FILE                             ; DDR_IO8.spd                                      ; --            ; --          ; --                                ;
; SPD_FILE                             ; DDR_O4.spd                                       ; --            ; --          ; --                                ;
; SYNTHESIS_ONLY_QIP                   ; On                                               ; --            ; --          ; --                                ;
; SYNTHESIS_ONLY_QIP                   ; On                                               ; --            ; --          ; --                                ;
; VERILOG_MACRO                        ; ENDEAVOUR_BOARD_VER2=<None>                      ; --            ; --          ; --                                ;
; VERILOG_SHOW_LMF_MAPPING_MESSAGES    ; Off                                              ; --            ; --          ; --                                ;
+--------------------------------------+--------------------------------------------------+---------------+-------------+-----------------------------------+


+--------------------------------------------------------------------------------------------------------------------------+
; Flow Elapsed Time                                                                                                        ;
+----------------------+--------------+-------------------------+---------------------+------------------------------------+
; Module Name          ; Elapsed Time ; Average Processors Used ; Peak Virtual Memory ; Total CPU Time (on all processors) ;
+----------------------+--------------+-------------------------+---------------------+------------------------------------+
; Analysis & Synthesis ; 00:00:23     ; 1.0                     ; 567 MB              ; 00:00:31                           ;
; Fitter               ; 00:00:44     ; 1.5                     ; 1391 MB             ; 00:01:39                           ;
; Assembler            ; 00:00:02     ; 1.0                     ; 401 MB              ; 00:00:03                           ;
; Power Analyzer       ; 00:00:07     ; 2.2                     ; 918 MB              ; 00:00:13                           ;
; Timing Analyzer      ; 00:00:06     ; 2.5                     ; 663 MB              ; 00:00:13                           ;
; EDA Netlist Writer   ; 00:00:01     ; 1.0                     ; 671 MB              ; 00:00:01                           ;
; Total                ; 00:01:23     ; --                      ; --                  ; 00:02:40                           ;
+----------------------+--------------+-------------------------+---------------------+------------------------------------+


+------------------------------------------------------------------------------------------+
; Flow OS Summary                                                                          ;
+----------------------+--------------------+----------------+------------+----------------+
; Module Name          ; Machine Hostname   ; OS Name        ; OS Version ; Processor type ;
+----------------------+--------------------+----------------+------------+----------------+
; Analysis & Synthesis ; petya-ThinkPad-P52 ; Ubuntu 20.04.6 ; 20         ; x86_64         ;
; Fitter               ; petya-ThinkPad-P52 ; Ubuntu 20.04.6 ; 20         ; x86_64         ;
; Assembler            ; petya-ThinkPad-P52 ; Ubuntu 20.04.6 ; 20         ; x86_64         ;
; Power Analyzer       ; petya-ThinkPad-P52 ; Ubuntu 20.04.6 ; 20         ; x86_64         ;
; Timing Analyzer      ; petya-ThinkPad-P52 ; Ubuntu 20.04.6 ; 20         ; x86_64         ;
; EDA Netlist Writer   ; petya-ThinkPad-P52 ; Ubuntu 20.04.6 ; 20         ; x86_64         ;
+----------------------+--------------------+----------------+------------+----------------+


------------
; Flow Log ;
------------
quartus_map --read_settings_files=on --write_settings_files=off endeavour -c EndeavourSoc
quartus_fit --read_settings_files=off --write_settings_files=off endeavour -c EndeavourSoc
quartus_asm --read_settings_files=off --write_settings_files=off endeavour -c EndeavourSoc
quartus_pow --read_settings_files=off --write_settings_files=off endeavour -c EndeavourSoc
quartus_sta endeavour -c EndeavourSoc
quartus_eda --read_settings_files=off --write_settings_files=off endeavour -c EndeavourSoc



